-------------------------------------------------------------------------------
Test set: ar.com.tempo.test.BaseApplicationTests
-------------------------------------------------------------------------------
Tests run: 1, Failures: 0, Errors: 1, Skipped: 0, Time elapsed: 1.774 s <<< FAILURE! - in ar.com.tempo.test.BaseApplicationTests
contextLoads  Time elapsed: 0.007 s  <<< ERROR!
java.lang.IllegalStateException: Failed to load ApplicationContext
Caused by: java.lang.IllegalStateException: Error processing condition on org.springframework.cloud.openfeign.FeignAutoConfiguration.cachingCapability
Caused by: java.lang.IllegalStateException: Failed to introspect Class [org.springframework.cloud.openfeign.FeignAutoConfiguration] from ClassLoader [jdk.internal.loader.ClassLoaders$AppClassLoader@73d16e93]
Caused by: java.lang.NoClassDefFoundError: org/springframework/beans/factory/aot/BeanRegistrationAotProcessor
Caused by: java.lang.ClassNotFoundException: org.springframework.beans.factory.aot.BeanRegistrationAotProcessor

